<?xml version="1.0" encoding="UTF-8"?>
<!-- Generated by org.testng.reporters.JUnitReportReporter -->
<testsuite hostname="ajay.kumar-MacBookPro" failures="0" tests="1" name="testCases.TC001_AccountRegistrationTest" time="1.771" errors="0" timestamp="2025-09-18T15:26:45 IST" skipped="0">
  <testcase classname="testCases.TC001_AccountRegistrationTest" name="verify_account_registration" time="1.771"/>
</testsuite> <!-- testCases.TC001_AccountRegistrationTest -->
