<?xml version="1.0" encoding="UTF-8"?>
<!-- Generated by org.testng.reporters.JUnitReportReporter -->
<testsuite hostname="ajay.kumar-MacBookPro" failures="0" tests="1" name="testCases.TC002_LoginTest" time="1.168" errors="0" timestamp="2025-09-18T15:26:45 IST" skipped="0">
  <testcase classname="testCases.TC002_LoginTest" name="verifyLogin" time="1.168"/>
</testsuite> <!-- testCases.TC002_LoginTest -->
